TN:
SF:/homes/cs408/Spring2025/bftpd-injected-src/bftpdutmp.c
FN:18,bftpdutmp_create_dir
FN:39,bftpdutmp_init
FN:71,bftpdutmp_end
FN:81,bftpdutmp_log
FN:117,bftpdutmp_pidexists
FN:130,bftpdutmp_usercount
FN:151,bftpdutmp_dup_ip_count
FN:180,bftpdutmp_remove_pid
FNDA:8,bftpdutmp_init
FNDA:0,bftpdutmp_remove_pid
FNDA:0,bftpdutmp_pidexists
FNDA:0,bftpdutmp_dup_ip_count
FNDA:4,bftpdutmp_usercount
FNDA:0,bftpdutmp_create_dir
FNDA:4,bftpdutmp_log
FNDA:8,bftpdutmp_end
FNF:8
FNH:4
DA:18,0
DA:22,0
DA:24,0
DA:25,0
DA:26,0
DA:28,0
DA:29,0
DA:31,0
DA:32,0
DA:34,0
DA:39,8
DA:41,8
DA:43,8
DA:44,0
DA:46,8
DA:48,8
DA:49,8
DA:53,0
DA:56,0
DA:57,0
DA:58,0
DA:60,0
DA:61,0
DA:62,0
DA:64,0
DA:66,0
DA:68,0
DA:71,8
DA:73,8
DA:74,0
DA:75,0
DA:76,0
DA:77,0
DA:79,8
DA:81,4
DA:87,4
DA:88,4
DA:89,0
DA:90,0
DA:91,0
DA:92,0
DA:93,0
DA:94,0
DA:95,0
DA:96,0
DA:98,0
DA:99,0
DA:100,0
DA:101,0
DA:102,0
DA:103,0
DA:105,0
DA:109,0
DA:111,0
DA:112,0
DA:113,0
DA:114,0
DA:117,0
DA:120,0
DA:121,0
DA:122,0
DA:123,0
DA:124,0
DA:125,0
DA:127,0
DA:130,4
DA:133,4
DA:134,4
DA:135,4
DA:136,0
DA:137,0
DA:142,0
DA:143,0
DA:146,0
DA:147,0
DA:148,0
DA:151,0
DA:154,0
DA:156,0
DA:157,0
DA:159,0
DA:160,0
DA:162,0
DA:163,0
DA:166,0
DA:180,0
DA:183,0
DA:185,0
DA:186,0
DA:188,0
DA:190,0
DA:193,0
DA:195,0
DA:196,0
DA:197,0
DA:199,0
LF:96
LH:16
end_of_record
TN:
SF:/homes/cs408/Spring2025/bftpd-injected-src/commands.c
FN:80,control_printf
FN:92,new_umask
FN:113,prepare_sock
FN:134,dataconn
FN:189,init_userinfo
FN:206,command_user
FN:236,command_pass
FN:254,command_pwd
FN:266,command_type
FN:280,command_port
FN:302,command_eprt
FN:339,command_pasv
FN:415,command_epsv
FN:488,test_abort
FN:517,command_allo
FN:524,command_mput
FN:578,do_stor
FN:847,command_stor
FN:852,command_appe
FN:861,command_mget
FN:913,command_retr
FN:1347,do_dirlist
FN:1392,command_list
FN:1397,command_nlst
FN:1402,command_syst
FN:1407,command_mdtm
FN:1430,command_cwd
FN:1442,command_cdup
FN:1449,command_dele
FN:1499,command_mkd
FN:1525,command_rmd
FN:1563,command_noop
FN:1568,command_rnfr
FN:1591,command_rnto
FN:1624,command_rest
FN:1630,command_size
FN:1648,command_quit
FN:1657,command_stat
FN:1674,command_chmod
FN:1717,command_chown
FN:1771,command_md5
FN:1810,command_site
FN:1843,command_auth
FN:1895,command_feat
FN:1906,command_opts
FN:1915,command_help
FN:1930,parsecmd
FN:1980,get_buffer_size
FN:2000,run_script
FN:2049,Force_Update_Sent_Recv_Log
FNDA:0,command_cdup
FNDA:0,command_syst
FNDA:0,command_noop
FNDA:0,command_mget
FNDA:0,test_abort
FNDA:0,command_stor
FNDA:4,command_user
FNDA:4,command_pass
FNDA:0,command_chown
FNDA:0,command_retr
FNDA:0,command_eprt
FNDA:0,command_appe
FNDA:0,command_nlst
FNDA:0,command_dele
FNDA:0,command_rest
FNDA:0,command_port
FNDA:0,command_rmd
FNDA:0,command_pwd
FNDA:22,control_printf
FNDA:2,command_list
FNDA:0,command_mput
FNDA:0,command_rnfr
FNDA:0,command_help
FNDA:12,parsecmd
FNDA:0,command_quit
FNDA:4,init_userinfo
FNDA:0,command_rnto
FNDA:0,run_script
FNDA:0,command_mkd
FNDA:0,command_opts
FNDA:2,command_pasv
FNDA:0,get_buffer_size
FNDA:2,dataconn
FNDA:0,command_feat
FNDA:0,command_md5
FNDA:0,command_size
FNDA:0,command_site
FNDA:0,command_mdtm
FNDA:0,command_allo
FNDA:2,do_dirlist
FNDA:8,Force_Update_Sent_Recv_Log
FNDA:0,command_epsv
FNDA:0,command_type
FNDA:4,new_umask
FNDA:0,command_auth
FNDA:4,prepare_sock
FNDA:0,do_stor
FNDA:0,command_stat
FNDA:0,command_chmod
FNDA:0,command_cwd
FNF:50
FNH:12
DA:80,22
DA:84,22
DA:85,22
DA:86,22
DA:87,22
DA:88,22
DA:89,22
DA:90,22
DA:92,4
DA:96,4
DA:97,4
DA:98,0
DA:101,4
DA:102,4
DA:103,4
DA:106,0
DA:107,0
DA:110,4
DA:111,4
DA:113,4
DA:115,4
DA:123,4
DA:126,4
DA:129,4
DA:130,4
DA:132,4
DA:134,2
DA:138,2
DA:139,2
DA:141,2
DA:142,2
DA:144,2
DA:145,2
DA:146,2
DA:147,0
DA:148,0
DA:149,0
DA:151,2
DA:152,2
DA:154,0
DA:155,0
DA:156,0
DA:157,0
DA:158,0
DA:159,0
DA:160,0
DA:161,0
DA:162,0
DA:164,0
DA:166,0
DA:167,0
DA:168,0
DA:169,0
DA:171,0
DA:172,0
DA:173,0
DA:174,0
DA:175,0
DA:177,0
DA:178,0
DA:179,0
DA:180,0
DA:181,0
DA:184,2
DA:185,2
DA:186,2
DA:189,4
DA:192,4
DA:193,4
DA:194,4
DA:195,4
DA:196,4
DA:197,4
DA:198,4
DA:199,4
DA:200,4
DA:201,4
DA:204,4
DA:206,4
DA:209,4
DA:210,0
DA:211,0
DA:213,4
DA:214,4
DA:215,4
DA:216,4
DA:217,4
DA:218,0
DA:219,4
DA:220,4
DA:224,4
DA:225,4
DA:227,0
DA:228,0
DA:231,4
DA:232,4
DA:236,4
DA:238,4
DA:239,0
DA:240,0
DA:242,4
DA:243,0
DA:249,0
DA:250,0
DA:254,0
DA:256,0
DA:258,0
DA:259,0
DA:261,0
DA:263,0
DA:266,0
DA:268,0
DA:269,0
DA:270,0
DA:271,0
DA:272,0
DA:273,0
DA:274,0
DA:275,0
DA:277,0
DA:278,0
DA:280,0
DA:282,0
DA:283,0
DA:284,0
DA:286,0
DA:287,0
DA:288,0
DA:289,0
DA:290,0
DA:292,0
DA:293,0
DA:294,0
DA:295,0
DA:296,0
DA:298,0
DA:299,0
DA:302,0
DA:308,0
DA:309,0
DA:310,0
DA:312,0
DA:313,0
DA:314,0
DA:316,0
DA:317,0
DA:318,0
DA:319,0
DA:320,0
DA:322,0
DA:323,0
DA:324,0
DA:326,0
DA:327,0
DA:328,0
DA:329,0
DA:331,0
DA:332,0
DA:333,0
DA:334,0
DA:336,0
DA:339,2
DA:346,2
DA:347,0
DA:348,0
DA:351,2
DA:352,0
DA:353,2
DA:354,2
DA:355,2
DA:357,2
DA:359,0
DA:360,0
DA:362,0
DA:363,0
DA:368,2
DA:370,2
DA:371,2
DA:372,0
DA:373,2
DA:374,2
DA:375,2
DA:379,2
DA:382,2
DA:383,0
DA:384,0
DA:388,2
DA:389,2
DA:390,0
DA:391,0
DA:392,0
DA:394,2
DA:395,2
DA:398,2
DA:399,2
DA:401,0
DA:406,2
DA:410,2
DA:411,2
DA:412,2
DA:415,0
DA:420,0
DA:421,0
DA:422,0
DA:424,0
DA:425,0
DA:426,0
DA:428,0
DA:429,0
DA:430,0
DA:436,0
DA:437,0
DA:438,0
DA:439,0
DA:440,0
DA:441,0
DA:443,0
DA:444,0
DA:445,0
DA:446,0
DA:447,0
DA:454,0
DA:456,0
DA:457,0
DA:458,0
DA:459,0
DA:460,0
DA:461,0
DA:465,0
DA:468,0
DA:469,0
DA:470,0
DA:475,0
DA:476,0
DA:477,0
DA:478,0
DA:479,0
DA:481,0
DA:482,0
DA:483,0
DA:484,0
DA:485,0
DA:488,0
DA:495,0
DA:496,0
DA:497,0
DA:498,0
DA:499,0
DA:500,0
DA:501,0
DA:504,0
DA:505,0
DA:506,0
DA:507,0
DA:508,0
DA:509,0
DA:510,0
DA:511,0
DA:512,0
DA:514,0
DA:517,0
DA:519,0
DA:520,0
DA:524,0
DA:529,0
DA:530,0
DA:531,0
DA:534,0
DA:537,0
DA:540,0
DA:542,0
DA:543,0
DA:545,0
DA:546,0
DA:552,0
DA:553,0
DA:554,0
DA:556,0
DA:558,0
DA:559,0
DA:560,0
DA:561,0
DA:566,0
DA:568,0
DA:569,0
DA:578,0
DA:581,0
DA:585,0
DA:588,0
DA:591,0
DA:593,0
DA:601,0
DA:603,0
DA:604,0
DA:606,0
DA:607,0
DA:620,0
DA:621,0
DA:622,0
DA:625,0
DA:626,0
DA:631,0
DA:632,0
DA:635,0
DA:637,0
DA:639,0
DA:640,0
DA:643,0
DA:644,0
DA:645,0
DA:649,0
DA:651,0
DA:657,0
DA:658,0
DA:659,0
DA:660,0
DA:662,0
DA:663,0
DA:664,0
DA:665,0
DA:666,0
DA:689,0
DA:690,0
DA:692,0
DA:693,0
DA:694,0
DA:695,0
DA:696,0
DA:697,0
DA:702,0
DA:703,0
DA:709,0
DA:711,0
DA:712,0
DA:715,0
DA:717,0
DA:718,0
DA:719,0
DA:721,0
DA:723,0
DA:724,0
DA:725,0
DA:726,0
DA:727,0
DA:728,0
DA:729,0
DA:730,0
DA:733,0
DA:734,0
DA:737,0
DA:738,0
DA:741,0
DA:742,0
DA:743,0
DA:745,0
DA:746,0
DA:747,0
DA:748,0
DA:749,0
DA:750,0
DA:751,0
DA:753,0
DA:754,0
DA:756,0
DA:758,0
DA:760,0
DA:761,0
DA:762,0
DA:763,0
DA:764,0
DA:765,0
DA:766,0
DA:767,0
DA:768,0
DA:769,0
DA:770,0
DA:773,0
DA:774,0
DA:775,0
DA:776,0
DA:777,0
DA:778,0
DA:780,0
DA:781,0
DA:782,0
DA:783,0
DA:785,0
DA:787,0
DA:788,0
DA:795,0
DA:797,0
DA:798,0
DA:799,0
DA:803,0
DA:805,0
DA:806,0
DA:808,0
DA:809,0
DA:814,0
DA:818,0
DA:819,0
DA:820,0
DA:822,0
DA:826,0
DA:831,0
DA:832,0
DA:834,0
DA:835,0
DA:836,0
DA:837,0
DA:838,0
DA:839,0
DA:840,0
DA:842,0
DA:843,0
DA:847,0
DA:849,0
DA:850,0
DA:852,0
DA:854,0
DA:855,0
DA:861,0
DA:866,0
DA:867,0
DA:868,0
DA:871,0
DA:874,0
DA:877,0
DA:879,0
DA:880,0
DA:882,0
DA:883,0
DA:889,0
DA:890,0
DA:891,0
DA:893,0
DA:895,0
DA:896,0
DA:897,0
DA:898,0
DA:903,0
DA:905,0
DA:906,0
DA:913,0
DA:915,0
DA:918,0
DA:924,0
DA:931,0
DA:943,0
DA:944,0
DA:945,0
DA:948,0
DA:949,0
DA:952,0
DA:953,0
DA:955,0
DA:956,0
DA:957,0
DA:960,0
DA:961,0
DA:963,0
DA:964,0
DA:986,0
DA:987,0
DA:988,0
DA:989,0
DA:990,0
DA:991,0
DA:992,0
DA:1012,0
DA:1013,0
DA:1014,0
DA:1015,0
DA:1016,0
DA:1017,0
DA:1020,0
DA:1021,0
DA:1022,0
DA:1024,0
DA:1025,0
DA:1027,0
DA:1028,0
DA:1029,0
DA:1031,0
DA:1032,0
DA:1261,0
DA:1263,0
DA:1265,0
DA:1266,0
DA:1268,0
DA:1269,0
DA:1270,0
DA:1271,0
DA:1272,0
DA:1273,0
DA:1275,0
DA:1277,0
DA:1278,0
DA:1279,0
DA:1280,0
DA:1281,0
DA:1283,0
DA:1285,0
DA:1286,0
DA:1289,0
DA:1291,0
DA:1292,0
DA:1293,0
DA:1294,0
DA:1295,0
DA:1298,0
DA:1299,0
DA:1300,0
DA:1302,0
DA:1304,0
DA:1306,0
DA:1307,0
DA:1308,0
DA:1309,0
DA:1310,0
DA:1311,0
DA:1312,0
DA:1313,0
DA:1316,0
DA:1318,0
DA:1320,0
DA:1321,0
DA:1325,0
DA:1327,0
DA:1328,0
DA:1329,0
DA:1331,0
DA:1333,0
DA:1336,0
DA:1337,0
DA:1338,0
DA:1339,0
DA:1340,0
DA:1341,0
DA:1342,0
DA:1343,0
DA:1347,2
DA:1349,2
DA:1352,2
DA:1354,0
DA:1356,0
DA:1357,0
DA:1358,0
DA:1359,0
DA:1360,0
DA:1363,0
DA:1364,0
DA:1365,0
DA:1366,0
DA:1367,0
DA:1370,2
DA:1371,0
DA:1372,2
DA:1373,2
DA:1374,2
DA:1375,2
DA:1377,0
DA:1378,0
DA:1380,0
DA:1381,0
DA:1382,0
DA:1384,0
DA:1385,0
DA:1387,2
DA:1388,2
DA:1389,2
DA:1392,2
DA:1394,2
DA:1395,2
DA:1397,0
DA:1399,0
DA:1400,0
DA:1402,0
DA:1404,0
DA:1405,0
DA:1407,0
DA:1411,0
DA:1412,0
DA:1414,0
DA:1415,0
DA:1417,0
DA:1418,0
DA:1419,0
DA:1420,0
DA:1424,0
DA:1425,0
DA:1427,0
DA:1430,0
DA:1432,0
DA:1433,0
DA:1434,0
DA:1435,0
DA:1437,0
DA:1438,0
DA:1440,0
DA:1442,0
DA:1444,0
DA:1445,0
DA:1446,0
DA:1447,0
DA:1449,0
DA:1452,0
DA:1453,0
DA:1455,0
DA:1456,0
DA:1458,0
DA:1459,0
DA:1466,0
DA:1467,0
DA:1473,0
DA:1475,0
DA:1476,0
DA:1480,0
DA:1482,0
DA:1483,0
DA:1487,0
DA:1488,0
DA:1493,0
DA:1494,0
DA:1496,0
DA:1499,0
DA:1501,0
DA:1502,0
DA:1504,0
DA:1505,0
DA:1507,0
DA:1508,0
DA:1510,0
DA:1511,0
DA:1512,0
DA:1513,0
DA:1515,0
DA:1516,0
DA:1519,0
DA:1520,0
DA:1522,0
DA:1525,0
DA:1527,0
DA:1528,0
DA:1530,0
DA:1531,0
DA:1534,0
DA:1535,0
DA:1537,0
DA:1542,0
DA:1544,0
DA:1545,0
DA:1549,0
DA:1550,0
DA:1554,0
DA:1555,0
DA:1558,0
DA:1559,0
DA:1560,0
DA:1563,0
DA:1565,0
DA:1566,0
DA:1568,0
DA:1571,0
DA:1572,0
DA:1574,0
DA:1575,0
DA:1578,0
DA:1579,0
DA:1580,0
DA:1581,0
DA:1582,0
DA:1583,0
DA:1584,0
DA:1586,0
DA:1587,0
DA:1591,0
DA:1593,0
DA:1594,0
DA:1596,0
DA:1597,0
DA:1598,0
DA:1601,0
DA:1602,0
DA:1604,0
DA:1605,0
DA:1606,0
DA:1608,0
DA:1610,0
DA:1612,0
DA:1613,0
DA:1616,0
DA:1617,0
DA:1619,0
DA:1620,0
DA:1621,0
DA:1624,0
DA:1626,0
DA:1627,0
DA:1628,0
DA:1630,0
DA:1633,0
DA:1634,0
DA:1636,0
DA:1637,0
DA:1640,0
DA:1641,0
DA:1643,0
DA:1645,0
DA:1648,0
DA:1650,0
DA:1652,0
DA:1654,0
DA:1657,0
DA:1660,0
DA:1662,0
DA:1663,0
DA:1666,0
DA:1667,0
DA:1668,0
DA:1669,0
DA:1674,0
DA:1680,0
DA:1681,0
DA:1682,0
DA:1684,0
DA:1685,0
DA:1687,0
DA:1688,0
DA:1691,0
DA:1692,0
DA:1693,0
DA:1695,0
DA:1696,0
DA:1699,0
DA:1700,0
DA:1702,0
DA:1703,0
DA:1704,0
DA:1705,0
DA:1707,0
DA:1709,0
DA:1711,0
DA:1712,0
DA:1714,0
DA:1717,0
DA:1722,0
DA:1723,0
DA:1724,0
DA:1726,0
DA:1727,0
DA:1728,0
DA:1730,0
DA:1731,0
DA:1733,0
DA:1734,0
DA:1735,0
DA:1736,0
DA:1738,0
DA:1739,0
DA:1740,0
DA:1741,0
DA:1743,0
DA:1744,0
DA:1746,0
DA:1747,0
DA:1749,0
DA:1750,0
DA:1752,0
DA:1753,0
DA:1755,0
DA:1757,0
DA:1759,0
DA:1760,0
DA:1761,0
DA:1771,0
DA:1776,0
DA:1780,0
DA:1782,0
DA:1783,0
DA:1786,0
DA:1787,0
DA:1788,0
DA:1790,0
DA:1791,0
DA:1794,0
DA:1795,0
DA:1796,0
DA:1798,0
DA:1799,0
DA:1802,0
DA:1803,0
DA:1804,0
DA:1805,0
DA:1810,0
DA:1812,0
DA:1819,0
DA:1820,0
DA:1821,0
DA:1823,0
DA:1824,0
DA:1825,0
DA:1826,0
DA:1827,0
DA:1832,0
DA:1834,0
DA:1835,0
DA:1836,0
DA:1837,0
DA:1838,0
DA:1840,0
DA:1843,0
DA:1845,0
DA:1846,0
DA:1895,0
DA:1898,0
DA:1899,0
DA:1900,0
DA:1901,0
DA:1902,0
DA:1903,0
DA:1904,0
DA:1906,0
DA:1908,0
DA:1909,0
DA:1911,0
DA:1912,0
DA:1915,0
DA:1918,0
DA:1919,0
DA:1920,0
DA:1921,0
DA:1922,0
DA:1924,0
DA:1925,0
DA:1926,0
DA:1928,0
DA:1930,12
DA:1934,12
DA:1935,108
DA:1936,96
DA:1937,0
DA:1939,96
DA:1940,12
DA:1941,56
DA:1942,56
DA:1943,12
DA:1944,12
DA:1945,0
DA:1946,0
DA:1947,0
DA:1949,12
DA:1950,12
DA:1951,20
DA:1952,8
DA:1953,12
DA:1954,12
DA:1955,12
DA:1956,12
DA:1958,0
DA:1959,0
DA:1960,0
DA:1961,0
DA:1963,0
DA:1964,0
DA:1965,0
DA:1967,0
DA:1968,0
DA:1969,0
DA:1975,0
DA:1976,0
DA:1980,0
DA:1984,0
DA:1985,0
DA:1987,0
DA:1988,0
DA:1989,0
DA:1991,0
DA:2000,0
DA:2003,0
DA:2008,0
DA:2009,0
DA:2010,0
DA:2012,0
DA:2014,0
DA:2016,0
DA:2017,0
DA:2018,0
DA:2019,0
DA:2023,0
DA:2025,0
DA:2026,0
DA:2027,0
DA:2029,0
DA:2030,0
DA:2031,0
DA:2038,0
DA:2039,0
DA:2041,0
DA:2042,0
DA:2043,0
DA:2045,0
DA:2049,8
DA:2051,8
DA:2052,8
LF:905
LH:124
end_of_record
TN:
SF:/homes/cs408/Spring2025/bftpd-injected-src/commands_admin.c
FN:26,loginfailed
FN:33,command_adminlogin
FN:60,command_admingetconf
FN:65,command_adminlog
FN:90,command_adminstoplog
FN:96,command_adminwho
FN:111,command_adminkick
FN:132,command_adminquit
FN:148,admin_parsecmd
FNDA:0,loginfailed
FNDA:0,command_adminstoplog
FNDA:0,command_adminwho
FNDA:0,command_adminquit
FNDA:0,command_adminlog
FNDA:0,command_adminlogin
FNDA:0,admin_parsecmd
FNDA:0,command_admingetconf
FNDA:0,command_adminkick
FNF:9
FNH:0
DA:26,0
DA:28,0
DA:29,0
DA:30,0
DA:33,0
DA:38,0
DA:39,0
DA:40,0
DA:41,0
DA:42,0
DA:43,0
DA:44,0
DA:46,0
DA:47,0
DA:48,0
DA:49,0
DA:51,0
DA:52,0
DA:53,0
DA:54,0
DA:55,0
DA:57,0
DA:60,0
DA:62,0
DA:63,0
DA:65,0
DA:70,0
DA:71,0
DA:72,0
DA:73,0
DA:74,0
DA:76,0
DA:77,0
DA:78,0
DA:79,0
DA:80,0
DA:81,0
DA:82,0
DA:83,0
DA:84,0
DA:87,0
DA:88,0
DA:90,0
DA:92,0
DA:93,0
DA:94,0
DA:96,0
DA:99,0
DA:100,0
DA:101,0
DA:102,0
DA:103,0
DA:104,0
DA:105,0
DA:108,0
DA:109,0
DA:111,0
DA:113,0
DA:116,0
DA:117,0
DA:119,0
DA:121,0
DA:122,0
DA:123,0
DA:124,0
DA:125,0
DA:127,0
DA:129,0
DA:130,0
DA:132,0
DA:134,0
DA:135,0
DA:148,0
DA:153,0
DA:154,0
DA:155,0
DA:156,0
DA:157,0
DA:158,0
DA:159,0
DA:161,0
DA:162,0
DA:163,0
DA:164,0
DA:165,0
DA:166,0
DA:167,0
DA:168,0
DA:169,0
DA:170,0
DA:171,0
DA:174,0
DA:175,0
LF:93
LH:0
end_of_record
TN:
SF:/homes/cs408/Spring2025/bftpd-injected-src/cwd.c
FN:16,bftpd_cwd_chdir
FN:37,bftpd_cwd_getcwd
FN:45,appendpath
FN:69,bftpd_cwd_mappath
FN:104,bftpd_cwd_init
FN:117,bftpd_cwd_end
FNDA:8,bftpd_cwd_end
FNDA:0,bftpd_cwd_getcwd
FNDA:0,appendpath
FNDA:0,bftpd_cwd_chdir
FNDA:0,bftpd_cwd_mappath
FNDA:4,bftpd_cwd_init
FNF:6
FNH:2
DA:16,0
DA:18,0
DA:19,0
DA:20,0
DA:21,0
DA:22,0
DA:23,0
DA:25,0
DA:26,0
DA:28,0
DA:29,0
DA:31,0
DA:32,0
DA:33,0
DA:34,0
DA:37,0
DA:39,0
DA:40,0
DA:42,0
DA:45,0
DA:47,0
DA:48,0
DA:49,0
DA:50,0
DA:51,0
DA:52,0
DA:53,0
DA:54,0
DA:55,0
DA:56,0
DA:57,0
DA:58,0
DA:61,0
DA:62,0
DA:63,0
DA:69,0
DA:71,0
DA:75,0
DA:76,0
DA:77,0
DA:78,0
DA:80,0
DA:81,0
DA:84,0
DA:85,0
DA:87,0
DA:89,0
DA:90,0
DA:91,0
DA:93,0
DA:94,0
DA:95,0
DA:96,0
DA:99,0
DA:100,0
DA:101,0
DA:104,4
DA:108,4
DA:109,4
DA:111,4
DA:112,4
DA:113,0
DA:115,4
DA:117,8
DA:119,8
DA:120,4
DA:121,4
DA:123,8
LF:68
LH:11
end_of_record
TN:
SF:/homes/cs408/Spring2025/bftpd-injected-src/dirlist.c
FN:55,add_to_hidegroups
FN:70,hidegroups_init
FN:91,hidegroups_end
FN:102,bftpd_stat
FN:175,dirlist_one_file
FN:202,dirlist
FNDA:2,dirlist
FNDA:4,bftpd_stat
FNDA:0,hidegroups_end
FNDA:4,dirlist_one_file
FNDA:0,add_to_hidegroups
FNDA:3,hidegroups_init
FNF:6
FNH:4
DA:55,0
DA:58,0
DA:59,0
DA:61,0
DA:63,0
DA:65,0
DA:66,0
DA:68,0
DA:70,3
DA:72,3
DA:73,3
DA:77,3
DA:78,3
DA:79,0
DA:80,0
DA:82,0
DA:83,0
DA:85,0
DA:86,0
DA:88,3
DA:91,0
DA:93,0
DA:94,0
DA:95,0
DA:96,0
DA:97,0
DA:98,0
DA:100,0
DA:102,4
DA:112,4
DA:113,0
DA:114,0
DA:117,4
DA:118,0
DA:119,0
DA:120,0
DA:121,0
DA:123,0
DA:124,0
DA:126,0
DA:127,0
DA:130,4
DA:131,4
DA:132,2
DA:133,4
DA:134,4
DA:135,4
DA:136,4
DA:137,4
DA:138,4
DA:139,4
DA:140,4
DA:141,4
DA:142,0
DA:143,4
DA:144,4
DA:145,4
DA:146,4
DA:147,4
DA:148,0
DA:149,4
DA:150,4
DA:151,4
DA:156,4
DA:157,4
DA:158,4
DA:159,4
DA:160,4
DA:161,4
DA:163,4
DA:164,4
DA:166,0
DA:167,4
DA:168,4
DA:169,4
DA:170,4
DA:171,4
DA:175,4
DA:178,4
DA:181,4
DA:182,4
DA:184,0
DA:185,0
DA:186,0
DA:190,4
DA:191,4
DA:192,0
DA:194,4
DA:196,4
DA:197,4
DA:199,0
DA:202,2
DA:204,2
DA:206,2
DA:207,2
DA:209,2
DA:210,2
DA:215,2
DA:216,0
DA:217,0
DA:220,2
DA:221,0
DA:223,2
DA:224,0
DA:226,2
DA:227,0
DA:229,2
DA:231,0
DA:232,0
DA:233,0
DA:234,0
DA:237,2
DA:272,2
DA:273,2
DA:275,2
DA:276,12
DA:283,10
DA:286,10
DA:287,10
DA:288,8
DA:289,10
DA:290,10
DA:292,10
DA:294,6
DA:296,4
DA:299,4
DA:300,4
DA:301,0
DA:303,4
DA:304,4
DA:308,0
DA:311,10
DA:312,4
DA:316,10
DA:318,2
DA:321,2
DA:322,0
DA:323,0
DA:324,0
LF:139
LH:85
end_of_record
TN:
SF:/homes/cs408/Spring2025/bftpd-injected-src/list.c
FN:6,bftpd_list_add
FN:23,bftpd_list_del
FN:44,bftpd_list_count
FN:55,bftpd_list_get
FNDA:0,bftpd_list_get
FNDA:0,bftpd_list_add
FNDA:0,bftpd_list_del
FNDA:0,bftpd_list_count
FNF:4
FNH:0
DA:6,0
DA:8,0
DA:9,0
DA:11,0
DA:12,0
DA:13,0
DA:14,0
DA:15,0
DA:16,0
DA:17,0
DA:18,0
DA:20,0
DA:23,0
DA:25,0
DA:28,0
DA:29,0
DA:30,0
DA:31,0
DA:33,0
DA:34,0
DA:35,0
DA:36,0
DA:38,0
DA:39,0
DA:40,0
DA:44,0
DA:46,0
DA:47,0
DA:48,0
DA:49,0
DA:50,0
DA:51,0
DA:52,0
DA:55,0
DA:57,0
DA:59,0
DA:60,0
DA:61,0
DA:62,0
DA:64,0
LF:40
LH:0
end_of_record
TN:
SF:/homes/cs408/Spring2025/bftpd-injected-src/logging.c
FN:30,log_init
FN:68,bftpd_statuslog
FN:83,bftpd_log
FN:109,log_end
FN:130,Current_Date
FN:151,Open_Send_Receive_Log
FN:183,Update_Send_Recv
FN:201,Get_Time_Zone_Difference
FN:228,Adjust_Clock
FNDA:8,Open_Send_Receive_Log
FNDA:8,Update_Send_Recv
FNDA:28,bftpd_log
FNDA:8,log_init
FNDA:0,Current_Date
FNDA:4,Get_Time_Zone_Difference
FNDA:0,Adjust_Clock
FNDA:50,bftpd_statuslog
FNDA:8,log_end
FNF:9
FNH:7
DA:30,8
DA:32,8
DA:34,8
DA:35,0
DA:36,0
DA:39,8
DA:40,0
DA:41,0
DA:43,0
DA:45,8
DA:46,8
DA:47,0
DA:48,0
DA:49,0
DA:53,8
DA:54,8
DA:55,0
DA:56,0
DA:57,0
DA:59,8
DA:68,50
DA:70,50
DA:73,50
DA:74,50
DA:75,50
DA:76,50
DA:77,50
DA:79,50
DA:81,50
DA:83,28
DA:88,28
DA:89,28
DA:90,28
DA:91,28
DA:92,0
DA:93,0
DA:94,0
DA:95,0
DA:98,0
DA:99,0
DA:100,0
DA:101,0
DA:104,28
DA:105,0
DA:107,28
DA:109,8
DA:111,8
DA:112,0
DA:113,0
DA:116,8
DA:117,0
DA:119,8
DA:120,8
DA:121,8
DA:123,8
DA:130,0
DA:136,0
DA:137,0
DA:138,0
DA:139,0
DA:140,0
DA:141,0
DA:151,8
DA:155,8
DA:156,8
DA:157,8
DA:159,0
DA:160,0
DA:161,0
DA:162,0
DA:164,0
DA:165,0
DA:166,0
DA:167,0
DA:168,0
DA:170,0
DA:183,8
DA:185,8
DA:186,8
DA:188,0
DA:190,0
DA:191,0
DA:192,0
DA:201,4
DA:208,4
DA:209,4
DA:210,4
DA:211,4
DA:212,4
DA:215,4
DA:216,4
DA:218,0
DA:219,0
DA:221,0
DA:222,0
DA:224,4
DA:228,0
DA:232,0
DA:233,0
LF:99
LH:48
end_of_record
TN:
SF:/homes/cs408/Spring2025/bftpd-injected-src/login.c
FN:66,mygetpwuid
FN:91,mygetpwnam
FN:115,wtmp_init
FN:123,bftpd_logwtmp
FN:167,wtmp_end
FN:177,login_init
FN:191,bftpd_setuid
FN:205,bftpd_login
FN:497,checkpass
FN:517,login_end
FN:538,checkpass_pwd
FN:614,checkuser
FN:641,checkshell
FN:682,check_file_password
FNDA:8,login_init
FNDA:8,wtmp_init
FNDA:8,mygetpwuid
FNDA:0,checkuser
FNDA:4,bftpd_logwtmp
FNDA:8,wtmp_end
FNDA:0,mygetpwnam
FNDA:0,checkpass
FNDA:8,login_end
FNDA:4,bftpd_login
FNDA:0,checkshell
FNDA:4,check_file_password
FNDA:0,bftpd_setuid
FNDA:0,checkpass_pwd
FNF:14
FNH:8
DA:66,8
DA:71,8
DA:72,0
DA:73,0
DA:74,0
DA:75,0
DA:76,0
DA:77,0
DA:78,0
DA:79,0
DA:80,0
DA:81,0
DA:82,0
DA:83,0
DA:87,8
DA:88,8
DA:91,0
DA:96,0
DA:97,0
DA:98,0
DA:99,0
DA:100,0
DA:101,0
DA:102,0
DA:103,0
DA:104,0
DA:105,0
DA:106,0
DA:107,0
DA:108,0
DA:111,0
DA:115,8
DA:117,8
DA:118,8
DA:119,8
DA:121,8
DA:123,4
DA:129,4
DA:130,4
DA:131,0
DA:133,0
DA:135,0
DA:136,0
DA:138,0
DA:140,0
DA:142,0
DA:146,0
DA:155,0
DA:156,0
DA:157,0
DA:162,0
DA:163,0
DA:164,0
DA:167,8
DA:169,8
DA:170,0
DA:171,0
DA:172,0
DA:174,8
DA:177,8
DA:179,8
DA:181,8
DA:183,8
DA:184,0
DA:185,0
DA:186,0
DA:189,8
DA:191,0
DA:195,0
DA:196,0
DA:198,0
DA:205,4
DA:211,4
DA:212,4
DA:213,4
DA:214,4
DA:216,4
DA:217,4
DA:219,4
DA:220,4
DA:221,4
DA:222,4
DA:224,4
DA:226,0
DA:229,4
DA:231,0
DA:234,4
DA:235,4
DA:240,4
DA:241,4
DA:244,0
DA:246,0
DA:249,0
DA:250,0
DA:252,0
DA:259,4
DA:260,4
DA:262,0
DA:263,0
DA:266,0
DA:268,0
DA:273,4
DA:274,0
DA:275,0
DA:276,0
DA:278,0
DA:279,0
DA:281,0
DA:284,4
DA:285,4
DA:286,4
DA:289,0
DA:290,0
DA:292,4
DA:293,0
DA:294,0
DA:295,0
DA:297,4
DA:298,4
DA:299,4
DA:302,0
DA:303,0
DA:305,4
DA:306,0
DA:307,0
DA:308,0
DA:314,4
DA:315,4
DA:316,4
DA:319,0
DA:320,0
DA:323,4
DA:325,0
DA:326,0
DA:327,0
DA:331,4
DA:334,0
DA:335,0
DA:337,0
DA:343,4
DA:346,0
DA:348,0
DA:349,0
DA:354,4
DA:355,0
DA:360,4
DA:362,0
DA:363,0
DA:364,0
DA:365,0
DA:366,0
DA:367,0
DA:369,0
DA:370,0
DA:371,0
DA:372,0
DA:373,0
DA:374,0
DA:375,0
DA:376,0
DA:379,0
DA:381,0
DA:382,0
DA:384,0
DA:385,0
DA:386,0
DA:387,0
DA:388,0
DA:389,0
DA:391,0
DA:392,0
DA:393,0
DA:395,0
DA:396,0
DA:397,0
DA:398,0
DA:401,0
DA:402,0
DA:403,0
DA:405,0
DA:406,0
DA:407,0
DA:408,0
DA:409,0
DA:410,0
DA:418,4
DA:420,0
DA:421,0
DA:422,0
DA:423,0
DA:424,0
DA:426,0
DA:428,0
DA:430,0
DA:431,0
DA:433,0
DA:435,0
DA:436,0
DA:444,4
DA:445,4
DA:446,0
DA:447,4
DA:448,4
DA:451,4
DA:453,0
DA:455,0
DA:456,0
DA:458,0
DA:460,0
DA:461,0
DA:467,4
DA:469,4
DA:471,4
DA:472,4
DA:473,4
DA:475,4
DA:477,4
DA:479,4
DA:480,4
DA:481,4
DA:482,4
DA:483,0
DA:485,4
DA:486,4
DA:489,4
DA:490,4
DA:492,4
DA:497,0
DA:500,0
DA:501,0
DA:504,0
DA:505,0
DA:512,0
DA:517,8
DA:524,8
DA:526,8
DA:538,0
DA:540,0
DA:542,0
DA:547,0
DA:549,0
DA:552,0
DA:553,0
DA:554,0
DA:555,0
DA:556,0
DA:558,0
DA:560,0
DA:562,0
DA:614,0
DA:621,0
DA:622,0
DA:623,0
DA:624,0
DA:625,0
DA:626,0
DA:627,0
DA:628,0
DA:629,0
DA:632,0
DA:634,0
DA:641,0
DA:647,0
DA:648,0
DA:650,0
DA:652,0
DA:653,0
DA:654,0
DA:655,0
DA:656,0
DA:657,0
DA:659,0
DA:660,0
DA:662,0
DA:682,4
DA:685,4
DA:687,4
DA:690,4
DA:691,4
DA:692,0
DA:694,4
DA:695,4
DA:696,4
DA:698,4
DA:700,0
DA:701,0
DA:702,0
DA:705,4
DA:706,4
DA:709,4
DA:712,4
DA:713,0
DA:715,4
DA:716,4
DA:717,0
DA:718,4
DA:721,4
LF:297
LH:98
end_of_record
TN:
SF:/homes/cs408/Spring2025/bftpd-injected-src/main.c
FN:85,print_file
FN:99,end_child
FN:129,handler_sighup
FN:139,handler_sigchld
FN:164,handler_sigterm
FN:170,handler_sigalrm
FN:188,init_everything
FN:201,start_ftp
FNDA:12,print_file
FNDA:0,handler_sigterm
FNDA:8,init_everything
FNDA:8,end_child
FNDA:0,handler_sigalrm
FNDA:0,handler_sigchld
FNDA:3,start_ftp
FNDA:0,handler_sighup
FNF:8
FNH:4
DA:85,12
DA:89,12
DA:90,12
DA:91,0
DA:92,0
DA:93,0
DA:95,0
DA:97,12
DA:99,8
DA:101,8
DA:102,8
DA:103,0
DA:104,8
DA:105,0
DA:106,8
DA:107,8
DA:108,8
DA:109,8
DA:110,8
DA:111,8
DA:112,8
DA:113,8
DA:114,8
DA:115,8
DA:116,8
DA:117,8
DA:119,8
DA:129,0
DA:131,0
DA:132,0
DA:133,0
DA:134,0
DA:139,0
DA:147,0
DA:148,0
DA:150,0
DA:151,0
DA:152,0
DA:153,0
DA:154,0
DA:155,0
DA:157,0
DA:160,0
DA:162,0
DA:164,0
DA:166,0
DA:167,0
DA:170,0
DA:173,0
DA:176,0
DA:177,0
DA:178,0
DA:179,0
DA:180,0
DA:182,0
DA:183,0
DA:184,0
DA:188,8
DA:190,8
DA:192,0
DA:193,0
DA:195,8
DA:196,8
DA:197,8
DA:198,8
DA:199,8
DA:201,3
DA:205,3
DA:209,3
DA:211,3
DA:212,3
DA:215,3
DA:217,9
DA:218,6
DA:219,0
DA:220,0
DA:229,0
DA:230,0
DA:231,0
DA:232,0
DA:233,0
DA:234,3
DA:235,3
DA:236,0
DA:239,3
DA:241,3
DA:242,0
DA:243,0
DA:244,0
DA:245,0
DA:246,0
DA:248,3
DA:249,3
DA:250,3
DA:251,0
DA:252,3
DA:253,3
DA:255,3
DA:259,3
DA:262,3
DA:263,3
DA:264,3
DA:265,0
DA:266,3
DA:267,3
DA:268,0
DA:269,3
DA:271,0
DA:272,3
DA:273,3
DA:274,3
DA:276,0
DA:277,0
DA:278,0
DA:282,0
DA:284,0
DA:285,0
DA:286,0
DA:290,0
DA:291,0
DA:297,0
DA:298,0
DA:299,8
DA:300,8
DA:301,8
DA:302,8
DA:303,8
DA:304,8
DA:305,8
DA:306,8
DA:308,0
DA:309,0
DA:310,0
DA:311,0
DA:319,8
DA:320,8
DA:321,0
DA:322,8
DA:323,8
DA:324,8
DA:326,0
DA:327,0
DA:329,8
DA:330,8
DA:331,8
DA:332,8
DA:350,8
DA:351,8
DA:352,8
DA:354,0
DA:355,8
DA:356,0
DA:358,8
DA:359,8
DA:360,8
DA:362,0
DA:363,8
DA:364,0
DA:365,8
DA:366,8
DA:367,8
DA:369,0
DA:376,8
DA:377,0
DA:380,8
DA:381,8
DA:382,8
DA:383,8
DA:384,8
DA:385,8
DA:388,8
DA:389,8
DA:390,0
DA:391,0
DA:392,0
DA:394,8
DA:396,8
DA:399,8
DA:402,8
DA:403,0
DA:405,0
DA:406,0
DA:408,0
DA:412,0
DA:413,0
DA:414,0
DA:416,0
DA:421,8
DA:422,8
DA:423,8
DA:425,0
DA:427,8
DA:428,8
DA:429,8
DA:430,8
DA:431,8
DA:433,8
DA:434,8
DA:435,8
DA:436,0
DA:437,0
DA:439,0
DA:441,8
DA:442,8
DA:446,8
DA:449,20
DA:451,12
DA:452,12
DA:453,12
DA:454,12
DA:455,12
DA:459,12
DA:462,8
DA:463,8
LF:214
LH:120
end_of_record
TN:
SF:/homes/cs408/Spring2025/bftpd-injected-src/md5.c
FN:85,process_block
FN:239,md5_get_result
FN:282,md5_init
FN:317,md5_process
FN:387,md5_finish
FN:471,md5_buffer
FN:507,md5_sig_to_string
FN:553,md5_sig_from_string
FNDA:0,md5_process
FNDA:0,md5_sig_from_string
FNDA:0,md5_buffer
FNDA:0,md5_init
FNDA:0,md5_sig_to_string
FNDA:0,process_block
FNDA:0,md5_get_result
FNDA:0,md5_finish
FNF:8
FNH:0
DA:85,0
DA:89,0
DA:93,0
DA:94,0
DA:96,0
DA:97,0
DA:98,0
DA:99,0
DA:107,0
DA:108,0
DA:109,0
DA:112,0
DA:119,0
DA:121,0
DA:123,0
DA:124,0
DA:125,0
DA:126,0
DA:136,0
DA:137,0
DA:138,0
DA:139,0
DA:140,0
DA:141,0
DA:142,0
DA:143,0
DA:144,0
DA:145,0
DA:146,0
DA:147,0
DA:148,0
DA:149,0
DA:150,0
DA:151,0
DA:154,0
DA:155,0
DA:156,0
DA:157,0
DA:158,0
DA:159,0
DA:160,0
DA:161,0
DA:162,0
DA:163,0
DA:164,0
DA:165,0
DA:166,0
DA:167,0
DA:168,0
DA:169,0
DA:172,0
DA:173,0
DA:174,0
DA:175,0
DA:176,0
DA:177,0
DA:178,0
DA:179,0
DA:180,0
DA:181,0
DA:182,0
DA:183,0
DA:184,0
DA:185,0
DA:186,0
DA:187,0
DA:190,0
DA:191,0
DA:192,0
DA:193,0
DA:194,0
DA:195,0
DA:196,0
DA:197,0
DA:198,0
DA:199,0
DA:200,0
DA:201,0
DA:202,0
DA:203,0
DA:204,0
DA:205,0
DA:208,0
DA:209,0
DA:210,0
DA:211,0
DA:215,0
DA:216,0
DA:217,0
DA:218,0
DA:219,0
DA:239,0
DA:242,0
DA:244,0
DA:245,0
DA:246,0
DA:248,0
DA:249,0
DA:250,0
DA:252,0
DA:253,0
DA:254,0
DA:256,0
DA:257,0
DA:258,0
DA:282,0
DA:284,0
DA:285,0
DA:286,0
DA:287,0
DA:289,0
DA:290,0
DA:291,0
DA:292,0
DA:317,0
DA:320,0
DA:327,0
DA:329,0
DA:330,0
DA:331,0
DA:334,0
DA:337,0
DA:338,0
DA:339,0
DA:341,0
DA:342,0
DA:344,0
DA:345,0
DA:346,0
DA:347,0
DA:350,0
DA:351,0
DA:355,0
DA:356,0
DA:357,0
DA:358,0
DA:362,0
DA:363,0
DA:364,0
DA:366,0
DA:387,0
DA:393,0
DA:399,0
DA:400,0
DA:401,0
DA:404,0
DA:413,0
DA:414,0
DA:415,0
DA:422,0
DA:424,0
DA:425,0
DA:426,0
DA:428,0
DA:435,0
DA:436,0
DA:437,0
DA:440,0
DA:442,0
DA:443,0
DA:446,0
DA:447,0
DA:448,0
DA:471,0
DA:477,0
DA:480,0
DA:483,0
DA:484,0
DA:507,0
DA:513,0
DA:514,0
DA:516,0
DA:517,0
DA:518,0
DA:519,0
DA:520,0
DA:522,0
DA:523,0
DA:525,0
DA:526,0
DA:529,0
DA:530,0
DA:532,0
DA:553,0
DA:560,0
DA:561,0
DA:563,0
DA:564,0
DA:565,0
DA:566,0
DA:567,0
DA:569,0
LF:192
LH:0
end_of_record
TN:
SF:/homes/cs408/Spring2025/bftpd-injected-src/mystring.c
FN:5,pos
FN:26,cutto
FN:31,mystrncpy
FN:42,replace
FN:79,int_from_list
FNDA:8,mystrncpy
FNDA:63,replace
FNDA:2,int_from_list
FNDA:0,pos
FNDA:12,cutto
FNF:5
FNH:4
DA:5,0
DA:9,0
DA:10,0
DA:12,0
DA:13,0
DA:14,0
DA:22,0
DA:26,12
DA:28,12
DA:29,12
DA:31,8
DA:33,8
DA:34,8
DA:35,8
DA:42,63
DA:44,63
DA:45,63
DA:49,63
DA:50,63
DA:51,63
DA:53,63
DA:54,63
DA:55,63
DA:57,63
DA:61,88
DA:62,25
DA:64,25
DA:65,25
DA:66,25
DA:67,25
DA:68,25
DA:69,25
DA:71,63
DA:79,2
DA:82,2
DA:85,2
DA:86,2
DA:87,2
DA:88,2
DA:89,0
DA:91,2
DA:92,2
DA:95,2
DA:98,2
DA:99,2
DA:101,0
DA:103,2
DA:104,0
DA:105,0
DA:108,2
DA:111,0
DA:112,0
DA:113,0
DA:114,0
DA:115,0
DA:116,0
DA:117,0
DA:119,0
DA:120,0
DA:121,0
DA:122,0
DA:123,0
DA:125,0
DA:126,0
DA:127,0
DA:128,0
DA:131,2
DA:132,2
DA:133,2
DA:134,2
DA:135,2
DA:138,0
LF:72
LH:44
end_of_record
TN:
SF:/homes/cs408/Spring2025/bftpd-injected-src/options.c
FN:23,config_read_line
FN:62,create_options
FN:116,expand_groups
FN:180,config_init
FN:256,getoption
FN:274,getoption_directories
FN:306,user_is_in_group
FN:331,getoption_group
FN:348,getoption_user
FN:365,getoption_global
FN:379,config_getoption
FN:395,config_end
FN:412,config_getoption_reread
FN:432,Reread_Config_File
FN:532,Find_Config_File
FNDA:205,getoption_global
FNDA:0,config_getoption_reread
FNDA:12,create_options
FNDA:984,config_read_line
FNDA:0,user_is_in_group
FNDA:205,getoption_directories
FNDA:88,getoption_user
FNDA:0,Reread_Config_File
FNDA:88,getoption_group
FNDA:3,Find_Config_File
FNDA:205,config_getoption
FNDA:3,config_init
FNDA:8,config_end
FNDA:4,expand_groups
FNDA:205,getoption
FNF:15
FNH:12
DA:23,984
DA:28,984
DA:29,984
DA:30,3
DA:40,981
DA:41,981
DA:42,654
DA:43,981
DA:47,981
DA:49,135
DA:50,135
DA:51,135
DA:54,0
DA:56,981
DA:57,2547
DA:58,1566
DA:59,981
DA:62,12
DA:65,12
DA:66,12
DA:68,12
DA:69,12
DA:70,0
DA:72,948
DA:73,936
DA:74,783
DA:76,0
DA:77,0
DA:79,0
DA:82,0
DA:85,0
DA:86,0
DA:88,0
DA:89,0
DA:90,0
DA:92,0
DA:93,0
DA:94,0
DA:96,783
DA:97,771
DA:99,12
DA:102,783
DA:103,0
DA:105,783
DA:106,783
DA:107,783
DA:110,936
DA:111,936
DA:112,0
DA:116,4
DA:122,4
DA:123,4
DA:126,4
DA:128,0
DA:129,0
DA:130,0
DA:131,0
DA:132,0
DA:133,0
DA:134,0
DA:135,0
DA:137,0
DA:138,0
DA:139,0
DA:140,0
DA:142,0
DA:143,0
DA:145,0
DA:146,0
DA:147,0
DA:148,0
DA:149,0
DA:150,0
DA:151,0
DA:152,0
DA:154,0
DA:155,0
DA:156,0
DA:158,0
DA:159,0
DA:160,0
DA:161,0
DA:163,0
DA:164,0
DA:167,0
DA:168,0
DA:169,0
DA:170,0
DA:171,0
DA:172,0
DA:173,0
DA:175,0
DA:176,0
DA:180,3
DA:184,3
DA:185,3
DA:186,3
DA:187,3
DA:188,3
DA:189,0
DA:190,3
DA:191,3
DA:192,0
DA:193,0
DA:195,36
DA:196,33
DA:199,21
DA:200,9
DA:201,12
DA:202,0
DA:203,12
DA:204,0
DA:205,12
DA:206,0
DA:207,12
DA:208,3
DA:209,9
DA:210,9
DA:211,6
DA:213,3
DA:216,9
DA:218,0
DA:219,0
DA:220,0
DA:223,9
DA:224,9
DA:226,0
DA:227,0
DA:228,0
DA:230,9
DA:231,9
DA:232,0
DA:233,0
DA:234,0
DA:236,0
DA:238,0
DA:240,0
DA:241,0
DA:242,0
DA:244,0
DA:245,0
DA:246,0
DA:247,0
DA:248,0
DA:249,0
DA:253,3
DA:256,205
DA:258,205
DA:259,0
DA:260,205
DA:261,0
DA:265,33374
DA:267,33374
DA:268,139
DA:270,33235
DA:271,66
DA:274,205
DA:276,205
DA:277,205
DA:278,205
DA:279,0
DA:280,0
DA:281,0
DA:283,0
DA:284,0
DA:285,0
DA:287,0
DA:288,0
DA:289,0
DA:290,0
DA:291,0
DA:292,0
DA:293,0
DA:295,0
DA:296,0
DA:299,0
DA:300,0
DA:301,0
DA:302,0
DA:303,0
DA:306,0
DA:307,0
DA:308,0
DA:310,0
DA:312,0
DA:313,0
DA:314,0
DA:316,0
DA:318,0
DA:319,0
DA:320,0
DA:322,0
DA:323,0
DA:324,0
DA:326,0
DA:328,0
DA:331,88
DA:335,88
DA:337,0
DA:338,0
DA:339,0
DA:340,0
DA:341,0
DA:343,0
DA:345,88
DA:348,88
DA:352,88
DA:354,264
DA:355,0
DA:356,0
DA:357,0
DA:358,0
DA:360,264
DA:362,88
DA:365,205
DA:368,205
DA:369,0
DA:370,205
DA:371,205
DA:372,139
DA:374,66
DA:379,205
DA:383,205
DA:384,88
DA:385,0
DA:386,88
DA:387,0
DA:389,205
DA:390,139
DA:392,66
DA:395,8
DA:398,8
DA:412,0
DA:417,0
DA:418,0
DA:419,0
DA:421,0
DA:432,0
DA:439,0
DA:443,0
DA:444,0
DA:445,0
DA:448,0
DA:449,0
DA:451,0
DA:452,0
DA:455,0
DA:456,0
DA:457,0
DA:458,0
DA:459,0
DA:460,0
DA:461,0
DA:462,0
DA:463,0
DA:464,0
DA:465,0
DA:466,0
DA:467,0
DA:468,0
DA:469,0
DA:470,0
DA:471,0
DA:472,0
DA:473,0
DA:474,0
DA:475,0
DA:476,0
DA:478,0
DA:481,0
DA:482,0
DA:485,0
DA:486,0
DA:487,0
DA:488,0
DA:492,0
DA:495,0
DA:496,0
DA:499,0
DA:502,0
DA:505,0
DA:506,0
DA:507,0
DA:509,0
DA:511,0
DA:512,0
DA:514,0
DA:515,0
DA:516,0
DA:518,0
DA:519,0
DA:520,0
DA:532,3
DA:537,3
DA:538,3
DA:540,0
DA:541,0
DA:555,3
LF:298
LH:103
end_of_record
TN:
SF:/homes/cs408/Spring2025/bftpd-injected-src/test_common.c
FN:24,read_ftp_response
FN:51,send_ftp_command
FN:58,init_test_suite
FN:64,clean_test_suite
FN:78,start_ftp_server
FN:127,stop_ftp_server
FN:148,connect_to_server
FN:168,disconnect_from_server
FNDA:18,send_ftp_command
FNDA:0,init_test_suite
FNDA:9,connect_to_server
FNDA:15,stop_ftp_server
FNDA:0,disconnect_from_server
FNDA:9,start_ftp_server
FNDA:27,read_ftp_response
FNDA:0,clean_test_suite
FNF:8
FNH:5
DA:24,27
DA:25,27
DA:26,27
DA:27,27
DA:29,27
DA:31,912
DA:32,912
DA:33,912
DA:34,0
DA:37,912
DA:38,27
DA:39,27
DA:42,885
DA:43,885
DA:46,0
DA:47,0
DA:51,18
DA:53,18
DA:54,18
DA:58,0
DA:59,0
DA:60,0
DA:64,0
DA:65,0
DA:66,0
DA:67,0
DA:68,0
DA:70,0
DA:71,0
DA:72,0
DA:74,0
DA:78,9
DA:80,9
DA:82,9
DA:83,12
DA:84,0
DA:87,12
DA:88,3
DA:95,3
DA:97,3
DA:98,8
DA:102,9
DA:105,9
DA:106,9
DA:107,0
DA:108,0
DA:112,9
DA:113,9
DA:114,9
DA:116,9
DA:117,0
DA:118,0
DA:119,0
DA:122,9
DA:123,9
DA:127,15
DA:128,15
DA:130,9
DA:134,9
DA:137,9
DA:138,6
DA:139,6
DA:140,6
DA:143,9
DA:145,15
DA:148,9
DA:149,9
DA:150,9
DA:151,0
DA:155,9
DA:156,9
DA:157,9
DA:159,9
DA:160,0
DA:161,0
DA:164,9
DA:168,0
DA:169,0
DA:170,0
DA:172,0
LF:80
LH:52
end_of_record
TN:
SF:/homes/cs408/Spring2025/bftpd-injected-src/test_main.c
FN:23,ftp_login
FN:74,test_login
FN:90,test_list
FN:210,init_suite
FN:215,clean_suite
FN:220,main
FNDA:3,main
FNDA:3,clean_suite
FNDA:3,init_suite
FNDA:6,ftp_login
FNDA:3,test_login
FNDA:3,test_list
FNF:6
FNH:6
DA:23,6
DA:30,6
DA:31,6
DA:34,6
DA:35,6
DA:36,0
DA:37,0
DA:41,6
DA:42,6
DA:43,6
DA:44,0
DA:45,0
DA:49,6
DA:50,6
DA:51,0
DA:52,0
DA:56,6
DA:57,6
DA:58,6
DA:59,0
DA:60,0
DA:64,6
DA:65,6
DA:66,0
DA:67,0
DA:70,6
DA:74,3
DA:76,3
DA:78,3
DA:79,3
DA:80,3
DA:81,3
DA:85,3
DA:86,3
DA:90,3
DA:92,3
DA:93,3
DA:94,0
DA:95,0
DA:98,3
DA:99,3
DA:100,3
DA:101,0
DA:102,0
DA:103,0
DA:112,3
DA:113,3
DA:114,3
DA:115,0
DA:116,0
DA:117,0
DA:118,0
DA:122,3
DA:123,3
DA:124,3
DA:125,0
DA:126,0
DA:127,0
DA:128,0
DA:132,3
DA:133,3
DA:134,0
DA:135,0
DA:136,0
DA:137,0
DA:142,3
DA:143,3
DA:145,0
DA:146,0
DA:147,0
DA:148,0
DA:152,3
DA:153,3
DA:154,3
DA:155,0
DA:156,0
DA:157,0
DA:158,0
DA:162,3
DA:163,3
DA:164,3
DA:165,0
DA:166,0
DA:167,0
DA:168,0
DA:169,0
DA:173,3
DA:174,3
DA:175,3
DA:176,0
DA:177,0
DA:178,0
DA:179,0
DA:180,0
DA:183,3
DA:184,3
DA:185,0
DA:186,0
DA:187,0
DA:188,0
DA:189,0
DA:193,3
DA:194,3
DA:195,3
DA:196,0
DA:197,0
DA:198,0
DA:199,0
DA:200,0
DA:203,3
DA:204,3
DA:205,3
DA:210,3
DA:211,3
DA:215,3
DA:216,3
DA:220,3
DA:221,3
DA:224,3
DA:225,0
DA:229,3
DA:230,3
DA:231,0
DA:232,0
DA:236,3
DA:237,0
DA:238,0
DA:241,3
DA:242,0
DA:243,0
DA:247,3
DA:248,3
DA:249,3
DA:250,3
LF:134
LH:72
end_of_record
